<?xml version="1.0" encoding="UTF-8"?>
<testng-results skipped="0" failed="0" total="2" passed="2">
  <reporter-output>
  </reporter-output>
  <suite name="Suite" duration-ms="18767" started-at="2019-08-04T01:25:28Z" finished-at="2019-08-04T01:25:47Z">
    <groups>
    </groups>
    <test name="Validating User login" duration-ms="5458" started-at="2019-08-04T01:25:28Z" finished-at="2019-08-04T01:25:33Z">
      <class name="Academy.HomePage">
        <test-method status="PASS" signature="initialize()[pri:0, instance:Academy.HomePage@3d299e3]" name="initialize" is-config="true" duration-ms="4679" started-at="2019-08-03T21:25:28Z" finished-at="2019-08-03T21:25:33Z">
          <reporter-output>
          </reporter-output>
        </test-method> <!-- initialize -->
        <test-method status="PASS" signature="teardown()[pri:0, instance:Academy.HomePage@3d299e3]" name="teardown" is-config="true" duration-ms="705" started-at="2019-08-03T21:25:33Z" finished-at="2019-08-03T21:25:33Z">
          <reporter-output>
          </reporter-output>
        </test-method> <!-- teardown -->
      </class> <!-- Academy.HomePage -->
    </test> <!-- Validating User login -->
    <test name="Validating title in the Page" duration-ms="5613" started-at="2019-08-04T01:25:33Z" finished-at="2019-08-04T01:25:39Z">
      <class name="Academy.validateTitle">
        <test-method status="PASS" signature="initialize()[pri:0, instance:Academy.validateTitle@19d37183]" name="initialize" is-config="true" duration-ms="3903" started-at="2019-08-03T21:25:33Z" finished-at="2019-08-03T21:25:37Z">
          <reporter-output>
          </reporter-output>
        </test-method> <!-- initialize -->
        <test-method status="PASS" signature="validateAppTitle()[pri:0, instance:Academy.validateTitle@19d37183]" name="validateAppTitle" duration-ms="1506" started-at="2019-08-03T21:25:37Z" finished-at="2019-08-03T21:25:39Z">
          <reporter-output>
          </reporter-output>
        </test-method> <!-- validateAppTitle -->
        <test-method status="PASS" signature="teardown()[pri:0, instance:Academy.validateTitle@19d37183]" name="teardown" is-config="true" duration-ms="190" started-at="2019-08-03T21:25:39Z" finished-at="2019-08-03T21:25:39Z">
          <reporter-output>
          </reporter-output>
        </test-method> <!-- teardown -->
      </class> <!-- Academy.validateTitle -->
    </test> <!-- Validating title in the Page -->
    <test name="Validating navigation Bar" duration-ms="7623" started-at="2019-08-04T01:25:39Z" finished-at="2019-08-04T01:25:47Z">
      <class name="Academy.validateNavigationBar">
        <test-method status="PASS" signature="initialize()[pri:0, instance:Academy.validateNavigationBar@69930714]" name="initialize" is-config="true" duration-ms="4108" started-at="2019-08-03T21:25:39Z" finished-at="2019-08-03T21:25:43Z">
          <reporter-output>
          </reporter-output>
        </test-method> <!-- initialize -->
        <test-method status="PASS" signature="validateAppNavBar()[pri:0, instance:Academy.validateNavigationBar@69930714]" name="validateAppNavBar" duration-ms="1332" started-at="2019-08-03T21:25:43Z" finished-at="2019-08-03T21:25:45Z">
          <reporter-output>
          </reporter-output>
        </test-method> <!-- validateAppNavBar -->
        <test-method status="PASS" signature="teardown()[pri:0, instance:Academy.validateNavigationBar@69930714]" name="teardown" is-config="true" duration-ms="2182" started-at="2019-08-03T21:25:45Z" finished-at="2019-08-03T21:25:47Z">
          <reporter-output>
          </reporter-output>
        </test-method> <!-- teardown -->
      </class> <!-- Academy.validateNavigationBar -->
    </test> <!-- Validating navigation Bar -->
  </suite> <!-- Suite -->
</testng-results>
