<?xml version="1.0" encoding="UTF-8"?>
<testng-results skipped="0" failed="0" ignored="0" total="2" passed="2">
  <reporter-output>
  </reporter-output>
  <suite name="Suite" duration-ms="20439" started-at="2019-08-04T00:39:36Z" finished-at="2019-08-04T00:39:56Z">
    <groups>
    </groups>
    <test name="Validating User login" duration-ms="4603" started-at="2019-08-04T00:39:36Z" finished-at="2019-08-04T00:39:40Z">
      <class name="Academy.HomePage">
        <test-method status="PASS" signature="initialize()[pri:0, instance:Academy.HomePage@ba54932]" name="initialize" is-config="true" duration-ms="4414" started-at="2019-08-04T00:39:36Z" finished-at="2019-08-04T00:39:40Z">
          <reporter-output>
          </reporter-output>
        </test-method> <!-- initialize -->
        <test-method status="PASS" signature="teardown()[pri:0, instance:Academy.HomePage@ba54932]" name="teardown" is-config="true" duration-ms="171" started-at="2019-08-04T00:39:40Z" finished-at="2019-08-04T00:39:40Z">
          <reporter-output>
          </reporter-output>
        </test-method> <!-- teardown -->
      </class> <!-- Academy.HomePage -->
    </test> <!-- Validating User login -->
    <test name="Validating title in the Page" duration-ms="7794" started-at="2019-08-04T00:39:40Z" finished-at="2019-08-04T00:39:48Z">
      <class name="Academy.validateTitle">
        <test-method status="PASS" signature="initialize()[pri:0, instance:Academy.validateTitle@40cb8df7]" name="initialize" is-config="true" duration-ms="5254" started-at="2019-08-04T00:39:40Z" finished-at="2019-08-04T00:39:45Z">
          <reporter-output>
          </reporter-output>
        </test-method> <!-- initialize -->
        <test-method status="PASS" signature="validateAppTitle()[pri:0, instance:Academy.validateTitle@40cb8df7]" name="validateAppTitle" duration-ms="2187" started-at="2019-08-04T00:39:45Z" finished-at="2019-08-04T00:39:48Z">
          <reporter-output>
          </reporter-output>
        </test-method> <!-- validateAppTitle -->
        <test-method status="PASS" signature="teardown()[pri:0, instance:Academy.validateTitle@40cb8df7]" name="teardown" is-config="true" duration-ms="309" started-at="2019-08-04T00:39:48Z" finished-at="2019-08-04T00:39:48Z">
          <reporter-output>
          </reporter-output>
        </test-method> <!-- teardown -->
      </class> <!-- Academy.validateTitle -->
    </test> <!-- Validating title in the Page -->
    <test name="Validating navigation Bar" duration-ms="7999" started-at="2019-08-04T00:39:48Z" finished-at="2019-08-04T00:39:56Z">
      <class name="Academy.validateNavigationBar">
        <test-method status="PASS" signature="initialize()[pri:0, instance:Academy.validateNavigationBar@55b53d44]" name="initialize" is-config="true" duration-ms="5508" started-at="2019-08-04T00:39:48Z" finished-at="2019-08-04T00:39:54Z">
          <reporter-output>
          </reporter-output>
        </test-method> <!-- initialize -->
        <test-method status="PASS" signature="validateAppNavBar()[pri:0, instance:Academy.validateNavigationBar@55b53d44]" name="validateAppNavBar" duration-ms="2131" started-at="2019-08-04T00:39:54Z" finished-at="2019-08-04T00:39:56Z">
          <reporter-output>
          </reporter-output>
        </test-method> <!-- validateAppNavBar -->
        <test-method status="PASS" signature="teardown()[pri:0, instance:Academy.validateNavigationBar@55b53d44]" name="teardown" is-config="true" duration-ms="353" started-at="2019-08-04T00:39:56Z" finished-at="2019-08-04T00:39:56Z">
          <reporter-output>
          </reporter-output>
        </test-method> <!-- teardown -->
      </class> <!-- Academy.validateNavigationBar -->
    </test> <!-- Validating navigation Bar -->
  </suite> <!-- Suite -->
</testng-results>
