<?xml version="1.0" encoding="UTF-8"?>
<testng-results skipped="0" failed="0" ignored="0" total="2" passed="2">
  <reporter-output>
  </reporter-output>
  <suite name="Suite" duration-ms="18258" started-at="2019-08-04T01:49:45Z" finished-at="2019-08-04T01:50:03Z">
    <groups>
    </groups>
    <test name="Validating User login" duration-ms="4093" started-at="2019-08-04T01:49:45Z" finished-at="2019-08-04T01:49:49Z">
      <class name="Academy.HomePage">
        <test-method status="PASS" signature="initialize()[pri:0, instance:Academy.HomePage@11c9af63]" name="initialize" is-config="true" duration-ms="3977" started-at="2019-08-04T01:49:45Z" finished-at="2019-08-04T01:49:49Z">
          <reporter-output>
          </reporter-output>
        </test-method> <!-- initialize -->
        <test-method status="PASS" signature="teardown()[pri:0, instance:Academy.HomePage@11c9af63]" name="teardown" is-config="true" duration-ms="100" started-at="2019-08-04T01:49:49Z" finished-at="2019-08-04T01:49:49Z">
          <reporter-output>
          </reporter-output>
        </test-method> <!-- teardown -->
      </class> <!-- Academy.HomePage -->
    </test> <!-- Validating User login -->
    <test name="Validating title in the Page" duration-ms="8001" started-at="2019-08-04T01:49:49Z" finished-at="2019-08-04T01:49:57Z">
      <class name="Academy.validateTitle">
        <test-method status="PASS" signature="initialize()[pri:0, instance:Academy.validateTitle@e1de817]" name="initialize" is-config="true" duration-ms="4198" started-at="2019-08-04T01:49:49Z" finished-at="2019-08-04T01:49:53Z">
          <reporter-output>
          </reporter-output>
        </test-method> <!-- initialize -->
        <test-method status="PASS" signature="validateAppTitle()[pri:0, instance:Academy.validateTitle@e1de817]" name="validateAppTitle" duration-ms="1486" started-at="2019-08-04T01:49:53Z" finished-at="2019-08-04T01:49:54Z">
          <reporter-output>
          </reporter-output>
        </test-method> <!-- validateAppTitle -->
        <test-method status="PASS" signature="teardown()[pri:0, instance:Academy.validateTitle@e1de817]" name="teardown" is-config="true" duration-ms="2272" started-at="2019-08-04T01:49:54Z" finished-at="2019-08-04T01:49:57Z">
          <reporter-output>
          </reporter-output>
        </test-method> <!-- teardown -->
      </class> <!-- Academy.validateTitle -->
    </test> <!-- Validating title in the Page -->
    <test name="Validating navigation Bar" duration-ms="6105" started-at="2019-08-04T01:49:57Z" finished-at="2019-08-04T01:50:03Z">
      <class name="Academy.validateNavigationBar">
        <test-method status="PASS" signature="initialize()[pri:0, instance:Academy.validateNavigationBar@29647f75]" name="initialize" is-config="true" duration-ms="4376" started-at="2019-08-04T01:49:57Z" finished-at="2019-08-04T01:50:01Z">
          <reporter-output>
          </reporter-output>
        </test-method> <!-- initialize -->
        <test-method status="PASS" signature="validateAppNavBar()[pri:0, instance:Academy.validateNavigationBar@29647f75]" name="validateAppNavBar" duration-ms="1501" started-at="2019-08-04T01:50:01Z" finished-at="2019-08-04T01:50:03Z">
          <reporter-output>
          </reporter-output>
        </test-method> <!-- validateAppNavBar -->
        <test-method status="PASS" signature="teardown()[pri:0, instance:Academy.validateNavigationBar@29647f75]" name="teardown" is-config="true" duration-ms="224" started-at="2019-08-04T01:50:03Z" finished-at="2019-08-04T01:50:03Z">
          <reporter-output>
          </reporter-output>
        </test-method> <!-- teardown -->
      </class> <!-- Academy.validateNavigationBar -->
    </test> <!-- Validating navigation Bar -->
  </suite> <!-- Suite -->
</testng-results>
